<?xml version="1.0" encoding="UTF-8"?>
<!-- Generated by org.testng.reporters.JUnitXMLReporter -->
<testsuite ignored="0" hostname="29PC" failures="0" tests="1" name="FirefoxTestResults" time="23.344" errors="0" timestamp="2020-04-27T17:04:57 BST">
  <testcase classname="testNG.FBLogin" name="@AfterMethod afterMethod" time="0.661">
    <failure type="java.io.FileNotFoundException" message=".\Screenshots\FB_TestNG_27Apr2020_170457.PNG (The system cannot find the path specified)">
      <![CDATA[java.io.FileNotFoundException: .\Screenshots\FB_TestNG_27Apr2020_170457.PNG (The system cannot find the path specified)
at java.base/java.io.FileOutputStream.open0(Native Method)
at java.base/java.io.FileOutputStream.open(FileOutputStream.java:291)
at java.base/java.io.FileOutputStream.<init>(FileOutputStream.java:234)
at java.base/java.io.FileOutputStream.<init>(FileOutputStream.java:184)
at org.openqa.selenium.io.FileHandler.copyFile(FileHandler.java:138)
at org.openqa.selenium.io.FileHandler.copy(FileHandler.java:117)
at testNG.FBLogin.afterMethod(FBLogin.java:48)
at java.base/java.util.ArrayList.forEach(ArrayList.java:1510)
... Removed 32 stack frames]]>
    </failure>
  </testcase> <!-- @AfterMethod afterMethod -->
  <testcase classname="testNG.FBLogin" name="@AfterClass afterClass" time="-1.58800349775E9">
    <skipped/>
  </testcase> <!-- @AfterClass afterClass -->
  <testcase classname="testNG.FBLogin" name="f" time="11.45"/>
</testsuite> <!-- FirefoxTestResults -->
