<?xml version="1.0" encoding="UTF-8"?>
<testng-results ignored="0" total="1" passed="1" failed="0" skipped="0">
  <reporter-output>
  </reporter-output>
  <suite started-at="2020-04-27T17:46:00 BST" name="Default suite" finished-at="2020-04-27T17:46:13 BST" duration-ms="12554">
    <groups>
    </groups>
    <test started-at="2020-04-27T17:46:00 BST" name="Default test" finished-at="2020-04-27T17:46:13 BST" duration-ms="12554">
      <class name="testNG.TakeScreenshot">
        <test-method signature="f()[pri:0, instance:testNG.TakeScreenshot@13c10b87]" started-at="2020-04-27T17:46:00 BST" name="f" finished-at="2020-04-27T17:46:13 BST" duration-ms="12458" status="PASS">
          <reporter-output>
          </reporter-output>
        </test-method> <!-- f -->
      </class> <!-- testNG.TakeScreenshot -->
    </test> <!-- Default test -->
  </suite> <!-- Default suite -->
</testng-results>
