<?xml version="1.0" encoding="UTF-8"?>
<!-- Generated by org.testng.reporters.JUnitXMLReporter -->
<testsuite ignored="0" hostname="29PC" failures="0" tests="13" name="Build_2.1_Results" time="0.553" errors="0" timestamp="2020-04-26T23:56:59 BST">
  <testcase classname="testNG.AnnotatiosSample2" name="d" time="0.022"/>
  <testcase classname="testNG.AnnotatiosSample2" name="f" time="0.008"/>
  <testcase classname="testNG.AnnotatiosSample2" name="r" time="0.005"/>
  <testcase classname="testNG.FirstProgram" name="a" time="0.005"/>
  <testcase classname="testNG.FirstProgram" name="f" time="0.02"/>
  <testcase classname="testNG.PrioritySample" name="z" time="0.006"/>
  <testcase classname="testNG.PrioritySample" name="a" time="0.019"/>
  <testcase classname="testNG.PrioritySample" name="f" time="0.037"/>
  <testcase classname="testNG.SecondProgram" name="f" time="0.016"/>
  <testcase classname="testNG.SecondProgram" name="z" time="0.01"/>
  <testcase classname="testNG.AnnotationsSample" name="b" time="0.016"/>
  <testcase classname="testNG.AnnotationsSample" name="f" time="0.03"/>
  <testcase classname="testNG.AnnotationsSample" name="t" time="0.004"/>
</testsuite> <!-- Build_2.1_Results -->
